<?xml version="1.0" encoding="UTF-8"?>
<testsuite xmlns:xsi="http://www.w3.org/2001/XMLSchema-instance" xsi:noNamespaceSchemaLocation="https://maven.apache.org/surefire/maven-surefire-plugin/xsd/surefire-test-report-3.0.xsd" version="3.0" name="smpl.ordering.repositories.mongodb.test.MongoDealersRepositoryTest" time="0.012" tests="1" errors="1" skipped="0" failures="0">
  <properties>
[...]
</properties>
  <testcase name="" classname="smpl.ordering.repositories.mongodb.test.MongoDealersRepositoryTest" time="0.012">
    <error message="Failed to read candidate component class: file [/data/yingying/msextraction/PartsUnlimitedMRP/src/Backend/OrderService/target/test-classes/smpl/ordering/TestOrderingConfiguration.class]; nested exception is java.lang.IllegalStateException: Could not obtain annotation attribute values" type="org.springframework.beans.factory.BeanDefinitionStoreException"><![CDATA[org.springframework.beans.factory.BeanDefinitionStoreException: Failed to read candidate component class: file [/data/yingying/msextraction/PartsUnlimitedMRP/src/Backend/OrderService/target/test-classes/smpl/ordering/TestOrderingConfiguration.class]; nested exception is java.lang.IllegalStateException: Could not obtain annotation attribute values
	at org.springframework.context.annotation.ClassPathScanningCandidateComponentProvider.findCandidateComponents(ClassPathScanningCandidateComponentProvider.java:290)
	at org.springframework.context.annotation.ClassPathBeanDefinitionScanner.doScan(ClassPathBeanDefinitionScanner.java:242)
	at org.springframework.context.annotation.ComponentScanAnnotationParser.parse(ComponentScanAnnotationParser.java:130)
	at org.springframework.context.annotation.ConfigurationClassParser.doProcessConfigurationClass(ConfigurationClassParser.java:189)
	at org.springframework.context.annotation.ConfigurationClassParser.processConfigurationClass(ConfigurationClassParser.java:164)
	at org.springframework.context.annotation.ConfigurationClassParser.parse(ConfigurationClassParser.java:139)
	at org.springframework.context.annotation.ConfigurationClassPostProcessor.processConfigBeanDefinitions(ConfigurationClassPostProcessor.java:284)
	at org.springframework.context.annotation.ConfigurationClassPostProcessor.postProcessBeanDefinitionRegistry(ConfigurationClassPostProcessor.java:225)
	at org.springframework.context.support.AbstractApplicationContext.invokeBeanFactoryPostProcessors(AbstractApplicationContext.java:630)
	at org.springframework.context.support.AbstractApplicationContext.refresh(AbstractApplicationContext.java:461)
	at org.springframework.context.annotation.AnnotationConfigApplicationContext.<init>(AnnotationConfigApplicationContext.java:73)
	at smpl.ordering.ConfigurationRule.apply(ConfigurationRule.java:18)
	at org.junit.rules.RunRules.applyAll(RunRules.java:26)
	at org.junit.rules.RunRules.<init>(RunRules.java:15)
	at org.junit.runners.BlockJUnit4ClassRunner.withTestRules(BlockJUnit4ClassRunner.java:379)
	at org.junit.runners.BlockJUnit4ClassRunner.withRules(BlockJUnit4ClassRunner.java:340)
	at org.junit.runners.BlockJUnit4ClassRunner.methodBlock(BlockJUnit4ClassRunner.java:256)
	at org.junit.runners.BlockJUnit4ClassRunner.runChild(BlockJUnit4ClassRunner.java:70)
	at org.junit.runners.BlockJUnit4ClassRunner.runChild(BlockJUnit4ClassRunner.java:50)
	at org.junit.runners.ParentRunner$3.run(ParentRunner.java:238)
	at org.junit.runners.ParentRunner$1.schedule(ParentRunner.java:63)
	at org.junit.runners.ParentRunner.runChildren(ParentRunner.java:236)
	at org.junit.runners.ParentRunner.access$000(ParentRunner.java:53)
	at org.junit.runners.ParentRunner$2.evaluate(ParentRunner.java:229)
	at org.junit.runners.ParentRunner.run(ParentRunner.java:309)
	at org.apache.maven.surefire.junit4.JUnit4Provider.execute(JUnit4Provider.java:377)
	at org.apache.maven.surefire.junit4.JUnit4Provider.executeWithRerun(JUnit4Provider.java:284)
	at org.apache.maven.surefire.junit4.JUnit4Provider.executeTestSet(JUnit4Provider.java:248)
	at org.apache.maven.surefire.junit4.JUnit4Provider.invoke(JUnit4Provider.java:167)
	at org.apache.maven.surefire.booter.ForkedBooter.runSuitesInProcess(ForkedBooter.java:456)
	at org.apache.maven.surefire.booter.ForkedBooter.execute(ForkedBooter.java:169)
	at org.apache.maven.surefire.booter.ForkedBooter.run(ForkedBooter.java:595)
	at org.apache.maven.surefire.booter.ForkedBooter.main(ForkedBooter.java:581)
Caused by: java.lang.IllegalStateException: Could not obtain annotation attribute values
	at org.springframework.core.annotation.AnnotationUtils.getAnnotationAttributes(AnnotationUtils.java:433)
	at org.springframework.core.type.classreading.AnnotationAttributesReadingVisitor.registerMetaAnnotations(AnnotationAttributesReadingVisitor.java:262)
	at org.springframework.core.type.classreading.AnnotationAttributesReadingVisitor.doVisitEnd(AnnotationAttributesReadingVisitor.java:250)
	at org.springframework.core.type.classreading.RecursiveAnnotationAttributesVisitor.visitEnd(AnnotationAttributesReadingVisitor.java:173)
	at org.springframework.asm.ClassReader.a(Unknown Source)
	at org.springframework.asm.ClassReader.accept(Unknown Source)
	at org.springframework.asm.ClassReader.accept(Unknown Source)
	at org.springframework.core.type.classreading.SimpleMetadataReader.<init>(SimpleMetadataReader.java:64)
	at org.springframework.core.type.classreading.SimpleMetadataReaderFactory.getMetadataReader(SimpleMetadataReaderFactory.java:80)
	at org.springframework.core.type.classreading.CachingMetadataReaderFactory.getMetadataReader(CachingMetadataReaderFactory.java:102)
	at org.springframework.context.annotation.ClassPathScanningCandidateComponentProvider.findCandidateComponents(ClassPathScanningCandidateComponentProvider.java:266)
	... 32 more
Caused by: java.lang.reflect.InvocationTargetException
	at java.base/jdk.internal.reflect.NativeMethodAccessorImpl.invoke0(Native Method)
	at java.base/jdk.internal.reflect.NativeMethodAccessorImpl.invoke(NativeMethodAccessorImpl.java:62)
	at java.base/jdk.internal.reflect.DelegatingMethodAccessorImpl.invoke(DelegatingMethodAccessorImpl.java:43)
	at java.base/java.lang.reflect.Method.invoke(Method.java:566)
	at org.springframework.core.annotation.AnnotationUtils.getAnnotationAttributes(AnnotationUtils.java:402)
	... 42 more
Caused by: java.lang.TypeNotPresentException: Type [unknown] not present
	at java.base/sun.reflect.annotation.TypeNotPresentExceptionProxy.generateException(TypeNotPresentExceptionProxy.java:46)
	at java.base/sun.reflect.annotation.AnnotationInvocationHandler.invoke(AnnotationInvocationHandler.java:86)
	at com.sun.proxy.$Proxy15.value(Unknown Source)
	... 47 more
Caused by: java.lang.NoClassDefFoundError: org/springframework/context/annotation/DeferredImportSelector
	at java.base/java.lang.ClassLoader.defineClass1(Native Method)
	at java.base/java.lang.ClassLoader.defineClass(ClassLoader.java:1017)
	at java.base/java.security.SecureClassLoader.defineClass(SecureClassLoader.java:174)
	at java.base/jdk.internal.loader.BuiltinClassLoader.defineClass(BuiltinClassLoader.java:800)
	at java.base/jdk.internal.loader.BuiltinClassLoader.findClassOnClassPathOrNull(BuiltinClassLoader.java:698)
	at java.base/jdk.internal.loader.BuiltinClassLoader.loadClassOrNull(BuiltinClassLoader.java:621)
	at java.base/jdk.internal.loader.BuiltinClassLoader.loadClass(BuiltinClassLoader.java:579)
	at java.base/jdk.internal.loader.ClassLoaders$AppClassLoader.loadClass(ClassLoaders.java:178)
	at java.base/java.lang.ClassLoader.loadClass(ClassLoader.java:522)
	at java.base/java.lang.Class.forName0(Native Method)
	at java.base/java.lang.Class.forName(Class.java:398)
	at java.base/sun.reflect.generics.factory.CoreReflectionFactory.makeNamedType(CoreReflectionFactory.java:114)
	at java.base/sun.reflect.generics.visitor.Reifier.visitClassTypeSignature(Reifier.java:125)
	at java.base/sun.reflect.generics.tree.ClassTypeSignature.accept(ClassTypeSignature.java:49)
	at java.base/sun.reflect.annotation.AnnotationParser.parseSig(AnnotationParser.java:440)
	at java.base/sun.reflect.annotation.AnnotationParser.parseClassValue(AnnotationParser.java:421)
	at java.base/sun.reflect.annotation.AnnotationParser.lambda$parseClassArray$0(AnnotationParser.java:719)
	at java.base/sun.reflect.annotation.AnnotationParser.parseArrayElements(AnnotationParser.java:747)
	at java.base/sun.reflect.annotation.AnnotationParser.parseClassArray(AnnotationParser.java:718)
	at java.base/sun.reflect.annotation.AnnotationParser.parseArray(AnnotationParser.java:532)
	at java.base/sun.reflect.annotation.AnnotationParser.parseMemberValue(AnnotationParser.java:356)
	at java.base/sun.reflect.annotation.AnnotationParser.parseAnnotation2(AnnotationParser.java:287)
	at java.base/sun.reflect.annotation.AnnotationParser.parseAnnotations2(AnnotationParser.java:121)
	at java.base/sun.reflect.annotation.AnnotationParser.parseAnnotations(AnnotationParser.java:73)
	at java.base/java.lang.Class.createAnnotationData(Class.java:3757)
	at java.base/java.lang.Class.annotationData(Class.java:3746)
	at java.base/java.lang.Class.getAnnotations(Class.java:3682)
	at org.springframework.core.type.StandardAnnotationMetadata.isAnnotated(StandardAnnotationMetadata.java:128)
	at org.springframework.context.annotation.AnnotatedBeanDefinitionReader.registerBean(AnnotatedBeanDefinitionReader.java:138)
	at org.springframework.context.annotation.AnnotatedBeanDefinitionReader.registerBean(AnnotatedBeanDefinitionReader.java:128)
	at org.springframework.context.annotation.AnnotatedBeanDefinitionReader.register(AnnotatedBeanDefinitionReader.java:123)
	at org.springframework.context.annotation.AnnotationConfigApplicationContext.register(AnnotationConfigApplicationContext.java:140)
	at org.springframework.context.annotation.AnnotationConfigApplicationContext.<init>(AnnotationConfigApplicationContext.java:72)
	... 22 more
Caused by: java.lang.ClassNotFoundException: org.springframework.context.annotation.DeferredImportSelector
	at java.base/jdk.internal.loader.BuiltinClassLoader.loadClass(BuiltinClassLoader.java:581)
	at java.base/jdk.internal.loader.ClassLoaders$AppClassLoader.loadClass(ClassLoaders.java:178)
	at java.base/java.lang.ClassLoader.loadClass(ClassLoader.java:522)
	... 55 more
]]></error>
    <system-out><![CDATA[23:04:48.003 [main] DEBUG o.s.core.env.StandardEnvironment - Adding [systemProperties] PropertySource with lowest search precedence
23:04:48.003 [main] DEBUG o.s.core.env.StandardEnvironment - Adding [systemEnvironment] PropertySource with lowest search precedence
23:04:48.003 [main] DEBUG o.s.core.env.StandardEnvironment - Initialized StandardEnvironment with PropertySources [systemProperties,systemEnvironment]
23:04:48.003 [main] DEBUG o.s.c.a.ClassPathBeanDefinitionScanner - JSR-250 'javax.annotation.ManagedBean' found and supported for component scanning
23:04:48.004 [main] INFO  o.s.c.a.AnnotationConfigApplicationContext - Refreshing org.springframework.context.annotation.AnnotationConfigApplicationContext@23e84203: startup date [Sun Dec 11 23:04:48 PST 2022]; root of context hierarchy
23:04:48.004 [main] DEBUG o.s.c.a.AnnotationConfigApplicationContext - Bean factory for org.springframework.context.annotation.AnnotationConfigApplicationContext@23e84203: org.springframework.beans.factory.support.DefaultListableBeanFactory@19932c16: defining beans [org.springframework.context.annotation.internalConfigurationAnnotationProcessor,org.springframework.context.annotation.internalAutowiredAnnotationProcessor,org.springframework.context.annotation.internalRequiredAnnotationProcessor,org.springframework.context.annotation.internalCommonAnnotationProcessor,testOrderingConfiguration]; root of factory hierarchy
23:04:48.005 [main] DEBUG o.s.b.f.s.DefaultListableBeanFactory - Creating shared instance of singleton bean 'org.springframework.context.annotation.internalConfigurationAnnotationProcessor'
23:04:48.005 [main] DEBUG o.s.b.f.s.DefaultListableBeanFactory - Creating instance of bean 'org.springframework.context.annotation.internalConfigurationAnnotationProcessor'
23:04:48.005 [main] DEBUG o.s.b.f.s.DefaultListableBeanFactory - Eagerly caching bean 'org.springframework.context.annotation.internalConfigurationAnnotationProcessor' to allow for resolving potential circular references
23:04:48.005 [main] DEBUG o.s.b.f.s.DefaultListableBeanFactory - Finished creating instance of bean 'org.springframework.context.annotation.internalConfigurationAnnotationProcessor'
23:04:48.005 [main] DEBUG o.s.core.env.StandardEnvironment - Adding [systemProperties] PropertySource with lowest search precedence
23:04:48.005 [main] DEBUG o.s.core.env.StandardEnvironment - Adding [systemEnvironment] PropertySource with lowest search precedence
23:04:48.005 [main] DEBUG o.s.core.env.StandardEnvironment - Initialized StandardEnvironment with PropertySources [systemProperties,systemEnvironment]
23:04:48.006 [main] DEBUG o.s.c.a.ClassPathBeanDefinitionScanner - JSR-250 'javax.annotation.ManagedBean' found and supported for component scanning
23:04:48.006 [main] DEBUG o.s.c.i.s.PathMatchingResourcePatternResolver - Looking for matching resources in directory tree [/data/yingying/msextraction/PartsUnlimitedMRP/src/Backend/OrderService/target/test-classes/smpl/ordering]
23:04:48.006 [main] DEBUG o.s.c.i.s.PathMatchingResourcePatternResolver - Searching directory [/data/yingying/msextraction/PartsUnlimitedMRP/src/Backend/OrderService/target/test-classes/smpl/ordering] for files matching pattern [/data/yingying/msextraction/PartsUnlimitedMRP/src/Backend/OrderService/target/test-classes/smpl/ordering/**/*.class]
23:04:48.007 [main] DEBUG o.s.c.i.s.PathMatchingResourcePatternResolver - Searching directory [/data/yingying/msextraction/PartsUnlimitedMRP/src/Backend/OrderService/target/test-classes/smpl/ordering/repositories] for files matching pattern [/data/yingying/msextraction/PartsUnlimitedMRP/src/Backend/OrderService/target/test-classes/smpl/ordering/**/*.class]
23:04:48.007 [main] DEBUG o.s.c.i.s.PathMatchingResourcePatternResolver - Searching directory [/data/yingying/msextraction/PartsUnlimitedMRP/src/Backend/OrderService/target/test-classes/smpl/ordering/repositories/mock] for files matching pattern [/data/yingying/msextraction/PartsUnlimitedMRP/src/Backend/OrderService/target/test-classes/smpl/ordering/**/*.class]
23:04:48.007 [main] DEBUG o.s.c.i.s.PathMatchingResourcePatternResolver - Searching directory [/data/yingying/msextraction/PartsUnlimitedMRP/src/Backend/OrderService/target/test-classes/smpl/ordering/repositories/mock/test] for files matching pattern [/data/yingying/msextraction/PartsUnlimitedMRP/src/Backend/OrderService/target/test-classes/smpl/ordering/**/*.class]
23:04:48.008 [main] DEBUG o.s.c.i.s.PathMatchingResourcePatternResolver - Searching directory [/data/yingying/msextraction/PartsUnlimitedMRP/src/Backend/OrderService/target/test-classes/smpl/ordering/repositories/mongodb] for files matching pattern [/data/yingying/msextraction/PartsUnlimitedMRP/src/Backend/OrderService/target/test-classes/smpl/ordering/**/*.class]
23:04:48.008 [main] DEBUG o.s.c.i.s.PathMatchingResourcePatternResolver - Searching directory [/data/yingying/msextraction/PartsUnlimitedMRP/src/Backend/OrderService/target/test-classes/smpl/ordering/repositories/mongodb/test] for files matching pattern [/data/yingying/msextraction/PartsUnlimitedMRP/src/Backend/OrderService/target/test-classes/smpl/ordering/**/*.class]
23:04:48.008 [main] DEBUG o.s.c.i.s.PathMatchingResourcePatternResolver - Searching directory [/data/yingying/msextraction/PartsUnlimitedMRP/src/Backend/OrderService/target/test-classes/smpl/ordering/controllers] for files matching pattern [/data/yingying/msextraction/PartsUnlimitedMRP/src/Backend/OrderService/target/test-classes/smpl/ordering/**/*.class]
23:04:48.009 [main] DEBUG o.s.c.i.s.PathMatchingResourcePatternResolver - Looking for matching resources in directory tree [/data/yingying/msextraction/PartsUnlimitedMRP/src/Backend/OrderService/target/classes/smpl/ordering]
23:04:48.009 [main] DEBUG o.s.c.i.s.PathMatchingResourcePatternResolver - Searching directory [/data/yingying/msextraction/PartsUnlimitedMRP/src/Backend/OrderService/target/classes/smpl/ordering] for files matching pattern [/data/yingying/msextraction/PartsUnlimitedMRP/src/Backend/OrderService/target/classes/smpl/ordering/**/*.class]
23:04:48.009 [main] DEBUG o.s.c.i.s.PathMatchingResourcePatternResolver - Searching directory [/data/yingying/msextraction/PartsUnlimitedMRP/src/Backend/OrderService/target/classes/smpl/ordering/repositories] for files matching pattern [/data/yingying/msextraction/PartsUnlimitedMRP/src/Backend/OrderService/target/classes/smpl/ordering/**/*.class]
23:04:48.009 [main] DEBUG o.s.c.i.s.PathMatchingResourcePatternResolver - Searching directory [/data/yingying/msextraction/PartsUnlimitedMRP/src/Backend/OrderService/target/classes/smpl/ordering/repositories/mongodb] for files matching pattern [/data/yingying/msextraction/PartsUnlimitedMRP/src/Backend/OrderService/target/classes/smpl/ordering/**/*.class]
23:04:48.009 [main] DEBUG o.s.c.i.s.PathMatchingResourcePatternResolver - Searching directory [/data/yingying/msextraction/PartsUnlimitedMRP/src/Backend/OrderService/target/classes/smpl/ordering/repositories/mongodb/models] for files matching pattern [/data/yingying/msextraction/PartsUnlimitedMRP/src/Backend/OrderService/target/classes/smpl/ordering/**/*.class]
23:04:48.010 [main] DEBUG o.s.c.i.s.PathMatchingResourcePatternResolver - Searching directory [/data/yingying/msextraction/PartsUnlimitedMRP/src/Backend/OrderService/target/classes/smpl/ordering/repositories/mock] for files matching pattern [/data/yingying/msextraction/PartsUnlimitedMRP/src/Backend/OrderService/target/classes/smpl/ordering/**/*.class]
23:04:48.010 [main] DEBUG o.s.c.i.s.PathMatchingResourcePatternResolver - Searching directory [/data/yingying/msextraction/PartsUnlimitedMRP/src/Backend/OrderService/target/classes/smpl/ordering/models] for files matching pattern [/data/yingying/msextraction/PartsUnlimitedMRP/src/Backend/OrderService/target/classes/smpl/ordering/**/*.class]
23:04:48.010 [main] DEBUG o.s.c.i.s.PathMatchingResourcePatternResolver - Searching directory [/data/yingying/msextraction/PartsUnlimitedMRP/src/Backend/OrderService/target/classes/smpl/ordering/controllers] for files matching pattern [/data/yingying/msextraction/PartsUnlimitedMRP/src/Backend/OrderService/target/classes/smpl/ordering/**/*.class]
23:04:48.011 [main] DEBUG o.s.c.i.s.PathMatchingResourcePatternResolver - Resolved location pattern [classpath*:smpl/ordering/**/*.class] to resources [file [/data/yingying/msextraction/PartsUnlimitedMRP/src/Backend/OrderService/target/test-classes/smpl/ordering/repositories/mock/test/MockDealersRepositoryTest.class], file [/data/yingying/msextraction/PartsUnlimitedMRP/src/Backend/OrderService/target/test-classes/smpl/ordering/repositories/mock/test/MockCatalogItemsRepositoryTest.class], file [/data/yingying/msextraction/PartsUnlimitedMRP/src/Backend/OrderService/target/test-classes/smpl/ordering/repositories/mock/test/MockShipmentRepositoryTest.class], file [/data/yingying/msextraction/PartsUnlimitedMRP/src/Backend/OrderService/target/test-classes/smpl/ordering/repositories/mock/test/MockOrderRepositoryTest.class], file [/data/yingying/msextraction/PartsUnlimitedMRP/src/Backend/OrderService/target/test-classes/smpl/ordering/repositories/mock/test/MockQuoteRepositoryTest.class], file [/data/yingying/msextraction/PartsUnlimitedMRP/src/Backend/OrderService/target/test-classes/smpl/ordering/repositories/DealersRepositoryTest.class], file [/data/yingying/msextraction/PartsUnlimitedMRP/src/Backend/OrderService/target/test-classes/smpl/ordering/repositories/mongodb/test/MongoQuoteRepositoryTest.class], file [/data/yingying/msextraction/PartsUnlimitedMRP/src/Backend/OrderService/target/test-classes/smpl/ordering/repositories/mongodb/test/MongoCatalogItemsRepositoryTest.class], file [/data/yingying/msextraction/PartsUnlimitedMRP/src/Backend/OrderService/target/test-classes/smpl/ordering/repositories/mongodb/test/MongoDealersRepositoryTest.class], file [/data/yingying/msextraction/PartsUnlimitedMRP/src/Backend/OrderService/target/test-classes/smpl/ordering/repositories/mongodb/test/IntegrationTests.class], file [/data/yingying/msextraction/PartsUnlimitedMRP/src/Backend/OrderService/target/test-classes/smpl/ordering/repositories/mongodb/test/MongoOrderRepositoryTest.class], file [/data/yingying/msextraction/PartsUnlimitedMRP/src/Backend/OrderService/target/test-classes/smpl/ordering/repositories/mongodb/test/MongoShipmentRepositoryTest.class], file [/data/yingying/msextraction/PartsUnlimitedMRP/src/Backend/OrderService/target/test-classes/smpl/ordering/repositories/QuoteRepositoryTest.class], file [/data/yingying/msextraction/PartsUnlimitedMRP/src/Backend/OrderService/target/test-classes/smpl/ordering/repositories/CatalogItemsRepositoryTest.class], file [/data/yingying/msextraction/PartsUnlimitedMRP/src/Backend/OrderService/target/test-classes/smpl/ordering/repositories/ShipmentRepositoryTest.class], file [/data/yingying/msextraction/PartsUnlimitedMRP/src/Backend/OrderService/target/test-classes/smpl/ordering/repositories/OrderRepositoryTest.class], file [/data/yingying/msextraction/PartsUnlimitedMRP/src/Backend/OrderService/target/test-classes/smpl/ordering/ConfigurationRule.class], file [/data/yingying/msextraction/PartsUnlimitedMRP/src/Backend/OrderService/target/test-classes/smpl/ordering/controllers/DealerControllerTest.class], file [/data/yingying/msextraction/PartsUnlimitedMRP/src/Backend/OrderService/target/test-classes/smpl/ordering/controllers/CatalogControllerTest.class], file [/data/yingying/msextraction/PartsUnlimitedMRP/src/Backend/OrderService/target/test-classes/smpl/ordering/controllers/QuoteControllerTest.class], file [/data/yingying/msextraction/PartsUnlimitedMRP/src/Backend/OrderService/target/test-classes/smpl/ordering/controllers/OrderControllerTest.class], file [/data/yingying/msextraction/PartsUnlimitedMRP/src/Backend/OrderService/target/test-classes/smpl/ordering/controllers/ShipmentControllerTest.class], file [/data/yingying/msextraction/PartsUnlimitedMRP/src/Backend/OrderService/target/test-classes/smpl/ordering/UtilityTest.class], file [/data/yingying/msextraction/PartsUnlimitedMRP/src/Backend/OrderService/target/test-classes/smpl/ordering/TestOrderingConfiguration.class], file [/data/yingying/msextraction/PartsUnlimitedMRP/src/Backend/OrderService/target/classes/smpl/ordering/BadRequestException.class], file [/data/yingying/msextraction/PartsUnlimitedMRP/src/Backend/OrderService/target/classes/smpl/ordering/repositories/QuoteRepository.class], file [/data/yingying/msextraction/PartsUnlimitedMRP/src/Backend/OrderService/target/classes/smpl/ordering/repositories/OrderRepository.class], file [/data/yingying/msextraction/PartsUnlimitedMRP/src/Backend/OrderService/target/classes/smpl/ordering/repositories/mongodb/MongoDealersRepository.class], file [/data/yingying/msextraction/PartsUnlimitedMRP/src/Backend/OrderService/target/classes/smpl/ordering/repositories/mongodb/MongoShipmentRepository.class], file [/data/yingying/msextraction/PartsUnlimitedMRP/src/Backend/OrderService/target/classes/smpl/ordering/repositories/mongodb/models/ShipmentDetails.class], file [/data/yingying/msextraction/PartsUnlimitedMRP/src/Backend/OrderService/target/classes/smpl/ordering/repositories/mongodb/models/QuoteDetails.class], file [/data/yingying/msextraction/PartsUnlimitedMRP/src/Backend/OrderService/target/classes/smpl/ordering/repositories/mongodb/models/OrderDetails.class], file [/data/yingying/msextraction/PartsUnlimitedMRP/src/Backend/OrderService/target/classes/smpl/ordering/repositories/mongodb/models/Dealer.class], file [/data/yingying/msextraction/PartsUnlimitedMRP/src/Backend/OrderService/target/classes/smpl/ordering/repositories/mongodb/models/CatalogItem.class], file [/data/yingying/msextraction/PartsUnlimitedMRP/src/Backend/OrderService/target/classes/smpl/ordering/repositories/mongodb/MongoQuoteRepository.class], file [/data/yingying/msextraction/PartsUnlimitedMRP/src/Backend/OrderService/target/classes/smpl/ordering/repositories/mongodb/MongoOrderRepository.class], file [/data/yingying/msextraction/PartsUnlimitedMRP/src/Backend/OrderService/target/classes/smpl/ordering/repositories/mongodb/MongoCatalogItemsRepository.class], file [/data/yingying/msextraction/PartsUnlimitedMRP/src/Backend/OrderService/target/classes/smpl/ordering/repositories/mongodb/MongoOperationsWithRetry.class], file [/data/yingying/msextraction/PartsUnlimitedMRP/src/Backend/OrderService/target/classes/smpl/ordering/repositories/DealersRepository.class], file [/data/yingying/msextraction/PartsUnlimitedMRP/src/Backend/OrderService/target/classes/smpl/ordering/repositories/ShipmentRepository.class], file [/data/yingying/msextraction/PartsUnlimitedMRP/src/Backend/OrderService/target/classes/smpl/ordering/repositories/mock/MockQuoteRepository.class], file [/data/yingying/msextraction/PartsUnlimitedMRP/src/Backend/OrderService/target/classes/smpl/ordering/repositories/mock/MockDealersRepository.class], file [/data/yingying/msextraction/PartsUnlimitedMRP/src/Backend/OrderService/target/classes/smpl/ordering/repositories/mock/MockShipmentRepository.class], file [/data/yingying/msextraction/PartsUnlimitedMRP/src/Backend/OrderService/target/classes/smpl/ordering/repositories/mock/MockCatalogItemsRepository.class], file [/data/yingying/msextraction/PartsUnlimitedMRP/src/Backend/OrderService/target/classes/smpl/ordering/repositories/mock/MockOrderRepository.class], file [/data/yingying/msextraction/PartsUnlimitedMRP/src/Backend/OrderService/target/classes/smpl/ordering/repositories/CatalogItemsRepository.class], file [/data/yingying/msextraction/PartsUnlimitedMRP/src/Backend/OrderService/target/classes/smpl/ordering/repositories/RepositoryFactory$Repositories.class], file [/data/yingying/msextraction/PartsUnlimitedMRP/src/Backend/OrderService/target/classes/smpl/ordering/repositories/RepositoryFactory$1.class], file [/data/yingying/msextraction/PartsUnlimitedMRP/src/Backend/OrderService/target/classes/smpl/ordering/repositories/RepositoryFactory.class], file [/data/yingying/msextraction/PartsUnlimitedMRP/src/Backend/OrderService/target/classes/smpl/ordering/models/Quote.class], file [/data/yingying/msextraction/PartsUnlimitedMRP/src/Backend/OrderService/target/classes/smpl/ordering/models/QuoteItemInfo.class], file [/data/yingying/msextraction/PartsUnlimitedMRP/src/Backend/OrderService/target/classes/smpl/ordering/models/Order.class], file [/data/yingying/msextraction/PartsUnlimitedMRP/src/Backend/OrderService/target/classes/smpl/ordering/models/OrderStatus.class], file [/data/yingying/msextraction/PartsUnlimitedMRP/src/Backend/OrderService/target/classes/smpl/ordering/models/OrderUpdateInfo.class], file [/data/yingying/msextraction/PartsUnlimitedMRP/src/Backend/OrderService/target/classes/smpl/ordering/models/OrderEventInfo.class], file [/data/yingying/msextraction/PartsUnlimitedMRP/src/Backend/OrderService/target/classes/smpl/ordering/models/DealerInfo.class], file [/data/yingying/msextraction/PartsUnlimitedMRP/src/Backend/OrderService/target/classes/smpl/ordering/models/ShipmentRecord.class], file [/data/yingying/msextraction/PartsUnlimitedMRP/src/Backend/OrderService/target/classes/smpl/ordering/models/ShipmentEventInfo.class], file [/data/yingying/msextraction/PartsUnlimitedMRP/src/Backend/OrderService/target/classes/smpl/ordering/models/DeliveryAddress.class], file [/data/yingying/msextraction/PartsUnlimitedMRP/src/Backend/OrderService/target/classes/smpl/ordering/models/PhoneInfo.class], file [/data/yingying/msextraction/PartsUnlimitedMRP/src/Backend/OrderService/target/classes/smpl/ordering/models/CatalogItem.class], file [/data/yingying/msextraction/PartsUnlimitedMRP/src/Backend/OrderService/target/classes/smpl/ordering/models/Delivery.class], file [/data/yingying/msextraction/PartsUnlimitedMRP/src/Backend/OrderService/target/classes/smpl/ordering/TestPath.class], file [/data/yingying/msextraction/PartsUnlimitedMRP/src/Backend/OrderService/target/classes/smpl/ordering/OrderingInitializer.class], file [/data/yingying/msextraction/PartsUnlimitedMRP/src/Backend/OrderService/target/classes/smpl/ordering/controllers/DealerController.class], file [/data/yingying/msextraction/PartsUnlimitedMRP/src/Backend/OrderService/target/classes/smpl/ordering/controllers/PingController.class], file [/data/yingying/msextraction/PartsUnlimitedMRP/src/Backend/OrderService/target/classes/smpl/ordering/controllers/QuoteController.class], file [/data/yingying/msextraction/PartsUnlimitedMRP/src/Backend/OrderService/target/classes/smpl/ordering/controllers/OrderController.class], file [/data/yingying/msextraction/PartsUnlimitedMRP/src/Backend/OrderService/target/classes/smpl/ordering/controllers/CatalogController.class], file [/data/yingying/msextraction/PartsUnlimitedMRP/src/Backend/OrderService/target/classes/smpl/ordering/controllers/ShipmentController.class], file [/data/yingying/msextraction/PartsUnlimitedMRP/src/Backend/OrderService/target/classes/smpl/ordering/Utility.class], file [/data/yingying/msextraction/PartsUnlimitedMRP/src/Backend/OrderService/target/classes/smpl/ordering/OrderingServiceProperties.class], file [/data/yingying/msextraction/PartsUnlimitedMRP/src/Backend/OrderService/target/classes/smpl/ordering/PostgresqlProperties.class], file [/data/yingying/msextraction/PartsUnlimitedMRP/src/Backend/OrderService/target/classes/smpl/ordering/OrderingConfiguration.class], file [/data/yingying/msextraction/PartsUnlimitedMRP/src/Backend/OrderService/target/classes/smpl/ordering/MongoDBProperties.class], file [/data/yingying/msextraction/PartsUnlimitedMRP/src/Backend/OrderService/target/classes/smpl/ordering/PropertyHelper.class], file [/data/yingying/msextraction/PartsUnlimitedMRP/src/Backend/OrderService/target/classes/smpl/ordering/SimpleCORSFilter.class], file [/data/yingying/msextraction/PartsUnlimitedMRP/src/Backend/OrderService/target/classes/smpl/ordering/ConflictingRequestException.class], file [/data/yingying/msextraction/PartsUnlimitedMRP/src/Backend/OrderService/target/classes/smpl/ordering/AppInsightsFilter.class]]
23:04:48.019 [main] INFO  o.s.b.f.s.DefaultListableBeanFactory - Destroying singletons in org.springframework.beans.factory.support.DefaultListableBeanFactory@19932c16: defining beans [org.springframework.context.annotation.internalConfigurationAnnotationProcessor,org.springframework.context.annotation.internalAutowiredAnnotationProcessor,org.springframework.context.annotation.internalRequiredAnnotationProcessor,org.springframework.context.annotation.internalCommonAnnotationProcessor,testOrderingConfiguration,org.springframework.context.annotation.ConfigurationClassPostProcessor.importAwareProcessor]; root of factory hierarchy
]]></system-out>
  </testcase>
</testsuite>