<?xml version="1.0" encoding="UTF-8"?>
<testsuite xmlns:xsi="http://www.w3.org/2001/XMLSchema-instance" xsi:noNamespaceSchemaLocation="https://maven.apache.org/surefire/maven-surefire-plugin/xsd/surefire-test-report-3.0.xsd" version="3.0" name="smpl.ordering.repositories.mock.test.MockOrderRepositoryTest" time="0.019" tests="8" errors="0" skipped="0" failures="0">
  <properties>
[...]
</properties>
  <testcase name="testGetOrder" classname="smpl.ordering.repositories.mock.test.MockOrderRepositoryTest" time="0"/>
  <testcase name="testGetOrdersByDealerName" classname="smpl.ordering.repositories.mock.test.MockOrderRepositoryTest" time="0.002"/>
  <testcase name="testUpdateOrder" classname="smpl.ordering.repositories.mock.test.MockOrderRepositoryTest" time="0.003"/>
  <testcase name="testCreateOrder" classname="smpl.ordering.repositories.mock.test.MockOrderRepositoryTest" time="0.002"/>
  <testcase name="testUpdateOrder1" classname="smpl.ordering.repositories.mock.test.MockOrderRepositoryTest" time="0.003"/>
  <testcase name="testGetOrdersByStatus" classname="smpl.ordering.repositories.mock.test.MockOrderRepositoryTest" time="0.002"/>
  <testcase name="testGetOrdersByQuoteId" classname="smpl.ordering.repositories.mock.test.MockOrderRepositoryTest" time="0.002"/>
  <testcase name="testHasOrder" classname="smpl.ordering.repositories.mock.test.MockOrderRepositoryTest" time="0.001"/>
</testsuite>